<?xml version="1.0" encoding="UTF-8"?>
<robot generator="Robot 7.0 (Python 3.12.2 on win32)" generated="2024-04-03T16:11:56.332710" rpa="false" schemaversion="5">
<suite id="s1" name="001" source="C:\Users\piyao\OneDrive\Desktop\New folder\001.robot">
<test id="s1-t1" name="Example" line="16">
<for flavor="IN">
<iter>
<kw name="Log" owner="BuiltIn">
<msg time="2024-04-03T16:11:59.260642" level="INFO">//*[@id="rso"]/div[4]/div/div/div[1]/div/div/span/a/h3</msg>
<arg>${animal}</arg>
<doc>Logs the given message with the given level.</doc>
<status status="PASS" start="2024-04-03T16:11:59.260642" elapsed="0.001005"/>
</kw>
<kw name="Open Browser" owner="Browser">
<msg time="2024-04-03T16:11:59.263646" level="WARN">Open Browser is for quick experimentation and debugging only. Use New Page for production.</msg>
<msg time="2024-04-03T16:11:59.266646" level="INFO">{"browser": "chromium", "headless": false, "chromiumSandbox": false, "devtools": false, "handleSIGHUP": true, "handleSIGINT": true, "handleSIGTERM": true, "slowMo": 0.0, "timeout": 30000.0, "tracesDir": "C:\\Users\\piyao\\OneDrive\\Desktop\\New folder\\browser\\traces\\86220618-2af9-4130-bf68-c7813a882f89"}</msg>
<msg time="2024-04-03T16:12:00.614978" level="INFO">Successfully created browser with options: {"browser":"chromium","headless":false,"chromiumSandbox":false,"devtools":false,"handleSIGHUP":true,"handleSIGINT":true,"handleSIGTERM":true,"slowMo":0,"timeout":30000,"tracesDir":"C:\\Users\\piyao\\OneDrive\\Desktop\\New folder\\browser\\traces\\86220618-2af9-4130-bf68-c7813a882f89"}</msg>
<msg time="2024-04-03T16:12:00.614978" level="INFO">{
  "acceptDownloads": true,
  "bypassCSP": true,
  "forcedColors": "none",
  "ignoreHTTPSErrors": false,
  "javaScriptEnabled": true,
  "offline": false,
  "reducedMotion": "no-preference",
  "serviceWorkers": "allow",
  "viewport": {
    "height": 720,
    "width": 1280
  }
}</msg>
<msg time="2024-04-03T16:12:00.685999" level="INFO">Successfully created context. </msg>
<msg time="2024-04-03T16:12:00.685999" level="INFO">{'acceptDownloads': True, 'bypassCSP': True, 'forcedColors': 'none', 'ignoreHTTPSErrors': False, 'javaScriptEnabled': True, 'offline': False, 'reducedMotion': 'no-preference', 'serviceWorkers': 'allow', 'viewport': {'height': 720, 'width': 1280}}</msg>
<msg time="2024-04-03T16:12:06.141899" level="INFO">Successfully initialized new page object and opened url: https://google.com/</msg>
<arg>${url}</arg>
<tag>BrowserControl</tag>
<tag>Setter</tag>
<doc>Opens a new browser instance. Use this keyword for quick experiments or debugging sessions.</doc>
<status status="PASS" start="2024-04-03T16:11:59.261647" elapsed="6.881251"/>
</kw>
<kw name="Fill Text" owner="Browser">
<msg time="2024-04-03T16:12:06.144902" level="INFO">Fills the text 'intro robot framework' in the given field.</msg>
<arg>${id}</arg>
<arg>${Text}</arg>
<tag>PageContent</tag>
<tag>Setter</tag>
<doc>Clears and fills the given ``txt`` into the text field found by ``selector``.</doc>
<status status="PASS" start="2024-04-03T16:12:06.142898" elapsed="0.220056"/>
</kw>
<kw name="Keyboard Key" owner="Browser">
<arg>press</arg>
<arg>Enter</arg>
<tag>PageContent</tag>
<tag>Setter</tag>
<doc>Press a keyboard key on the virtual keyboard or set a key up or down.</doc>
<status status="PASS" start="2024-04-03T16:12:06.362954" elapsed="0.046013"/>
</kw>
<kw name="Click" owner="Browser">
<arg>${animal}</arg>
<tag>PageContent</tag>
<tag>Setter</tag>
<doc>Simulates mouse click on the element found by ``selector``.</doc>
<status status="PASS" start="2024-04-03T16:12:06.408967" elapsed="1.760350"/>
</kw>
<kw name="Sleep" owner="BuiltIn">
<msg time="2024-04-03T16:12:13.172189" level="INFO">Slept 5 seconds.</msg>
<arg>5</arg>
<doc>Pauses the test executed for the given time.</doc>
<status status="PASS" start="2024-04-03T16:12:08.170317" elapsed="5.001872"/>
</kw>
<kw name="Get Url" owner="Browser">
<msg time="2024-04-03T16:12:13.183189" level="INFO">${value} = https://www.browserstack.com/guide/robot-framework-guide</msg>
<var>${value}</var>
<tag>Assertion</tag>
<tag>Getter</tag>
<tag>PageContent</tag>
<doc>Returns the current URL.</doc>
<status status="PASS" start="2024-04-03T16:12:13.173187" elapsed="0.011003"/>
</kw>
<for>
<msg time="2024-04-03T16:12:13.184190" level="FAIL">TypeError: sequence item 5: expected str instance, NoneType found</msg>
<var name="${animal}">//*[@id="rso"]/div[4]/div/div/div[1]/div/div/span/a/h3</var>
<status status="FAIL" start="2024-04-03T16:11:59.258642" elapsed="13.926548">TypeError: sequence item 5: expected str instance, NoneType found</status>
</iter>
<var>${animal}</var>
<value>${id2}</value>
<value>${id3}</value>
<value>${id4}</value>
<status status="FAIL" start="2024-04-03T16:11:59.258642" elapsed="13.926548">TypeError: sequence item 5: expected str instance, NoneType found</status>
</for>
<kw name="Log" owner="BuiltIn">
<arg>Outside loopgit</arg>
<doc>Logs the given message with the given level.</doc>
<status status="NOT RUN" start="2024-04-03T16:12:13.186191" elapsed="0.001003"/>
</kw>
<msg time="2024-04-03T16:12:13.198193" level="INFO">Set timeout to: 10000</msg>
<msg time="2024-04-03T16:12:13.222199" level="INFO">Switching context to context=5ce372af-3424-4941-9784-2da973b83de1 in CURRENT</msg>
<msg time="2024-04-03T16:12:13.254210" level="INFO">Successfully changed active context: context=5ce372af-3424-4941-9784-2da973b83de1</msg>
<msg time="2024-04-03T16:12:13.274211" level="INFO">Switching browser to CURRENT</msg>
<msg time="2024-04-03T16:12:13.286219" level="INFO">Returned active browser id. CURRENT</msg>
<msg time="2024-04-03T16:12:13.287216" level="INFO">Switching browser to browser=a9a2b027-1320-44be-b2cf-4971a175a239</msg>
<msg time="2024-04-03T16:12:13.300218" level="INFO">Successfully changed active browser: browser=a9a2b027-1320-44be-b2cf-4971a175a239</msg>
<msg time="2024-04-03T16:12:13.300218" level="INFO">Switching context to CURRENT in CURRENT</msg>
<msg time="2024-04-03T16:12:13.310224" level="INFO">Returned active context id: CURRENT</msg>
<msg time="2024-04-03T16:12:13.312222" level="INFO">Switching context to context=5ce372af-3424-4941-9784-2da973b83de1 in CURRENT</msg>
<msg time="2024-04-03T16:12:13.335231" level="INFO">Successfully changed active context: context=5ce372af-3424-4941-9784-2da973b83de1</msg>
<msg time="2024-04-03T16:12:13.603294" level="INFO">Successfully closed Context</msg>
<status status="FAIL" start="2024-04-03T16:11:59.250643" elapsed="13.936551">TypeError: sequence item 5: expected str instance, NoneType found</status>
</test>
<msg time="2024-04-03T16:12:13.960902" level="INFO">No context open.</msg>
<status status="FAIL" start="2024-04-03T16:11:56.338712" elapsed="17.611190"/>
</suite>
<statistics>
<total>
<stat pass="0" fail="1" skip="0">All Tests</stat>
</total>
<tag>
</tag>
<suite>
<stat pass="0" fail="1" skip="0" id="s1" name="001">001</stat>
</suite>
</statistics>
<errors>
<msg time="2024-04-03T16:11:59.263646" level="WARN">Open Browser is for quick experimentation and debugging only. Use New Page for production.</msg>
</errors>
</robot>
